
**** Build of configuration Debug for project AcquisizionePSL ****

make all 
Building file: ../src/AcquisizionePSL.cpp
Invoking: GCC C++ Compiler
g++ -I/home/andrea/workspace/libpmk-2.5/libpmk2 -O0 -g3 -Wall -c -fmessage-length=0 -MMD -MP -MF"src/AcquisizionePSL.d" -MT"src/AcquisizionePSL.d" -o "src/AcquisizionePSL.o" "../src/AcquisizionePSL.cpp"
../src/AcquisizionePSL.cpp: In function ‘int leggerePointSetList(libpmk::MutablePointSetList*, std::string)’:
../src/AcquisizionePSL.cpp:211:13: warning: variable ‘numPuntiLetti’ set but not used [-Wunused-but-set-variable]
../src/AcquisizionePSL.cpp: In function ‘void stampaPSL(libpmk::PointSetList*)’:
../src/AcquisizionePSL.cpp:236:35: error: invalid conversion from ‘const libpmk::PointSet*’ to ‘libpmk::PointSet*’ [-fpermissive]
make: *** [src/AcquisizionePSL.o] Error 1

**** Build Finished ****

**** Build of configuration Debug for project AcquisizionePSL ****

make all 
Building file: ../src/AcquisizionePSL.cpp
Invoking: GCC C++ Compiler
g++ -I/home/andrea/workspace/libpmk-2.5/libpmk2 -O0 -g3 -Wall -c -fmessage-length=0 -MMD -MP -MF"src/AcquisizionePSL.d" -MT"src/AcquisizionePSL.d" -o "src/AcquisizionePSL.o" "../src/AcquisizionePSL.cpp"
../src/AcquisizionePSL.cpp: In function ‘int leggerePointSetList(libpmk::MutablePointSetList*, std::string)’:
../src/AcquisizionePSL.cpp:211:13: warning: variable ‘numPuntiLetti’ set but not used [-Wunused-but-set-variable]
Finished building: ../src/AcquisizionePSL.cpp
 
Building target: AcquisizionePSL
Invoking: GCC C++ Linker
g++ -L/home/andrea/workspace/libpmk-2.5/libpmk2 -o "AcquisizionePSL"  ./src/AcquisizionePSL.o   -lpmk -lpmk_util -lstdc++
Finished building target: AcquisizionePSL
 

**** Build Finished ****

**** Build of configuration Debug for project AcquisizionePSL ****

make all 
Building file: ../src/AcquisizionePSL.cpp
Invoking: GCC C++ Compiler
g++ -I/home/andrea/workspace/libpmk-2.5/libpmk2 -O0 -g3 -Wall -c -fmessage-length=0 -MMD -MP -MF"src/AcquisizionePSL.d" -MT"src/AcquisizionePSL.d" -o "src/AcquisizionePSL.o" "../src/AcquisizionePSL.cpp"
../src/AcquisizionePSL.cpp: In function ‘int leggerePointSetList(libpmk::MutablePointSetList*, std::string)’:
../src/AcquisizionePSL.cpp:211:13: warning: variable ‘numPuntiLetti’ set but not used [-Wunused-but-set-variable]
Finished building: ../src/AcquisizionePSL.cpp
 
Building target: AcquisizionePSL
Invoking: GCC C++ Linker
g++ -L/home/andrea/workspace/libpmk-2.5/libpmk2 -o "AcquisizionePSL"  ./src/AcquisizionePSL.o   -lpmk -lpmk_util -lstdc++
Finished building target: AcquisizionePSL
 

**** Build Finished ****

**** Build of configuration Debug for project AcquisizionePSL ****

make all 
Building file: ../src/AcquisizionePSL.cpp
Invoking: GCC C++ Compiler
g++ -I/home/andrea/workspace/libpmk-2.5/libpmk2 -O0 -g3 -Wall -c -fmessage-length=0 -MMD -MP -MF"src/AcquisizionePSL.d" -MT"src/AcquisizionePSL.d" -o "src/AcquisizionePSL.o" "../src/AcquisizionePSL.cpp"
../src/AcquisizionePSL.cpp: In function ‘int leggerePointSetList(libpmk::MutablePointSetList*, std::string)’:
../src/AcquisizionePSL.cpp:214:13: warning: variable ‘numPuntiLetti’ set but not used [-Wunused-but-set-variable]
../src/AcquisizionePSL.cpp: At global scope:
../src/AcquisizionePSL.cpp:259:68: error: ‘nomeClasse’ has not been declared
../src/AcquisizionePSL.cpp: In function ‘void salvarePointSetList(libpmk::PointSetList*, std::string, int)’:
../src/AcquisizionePSL.cpp:261:44: error: ‘nomeClasse’ was not declared in this scope
../src/AcquisizionePSL.cpp:263:33: error: no matching function for call to ‘libpmk::PointSetList::WriteToFile(std::string&)’
../src/AcquisizionePSL.cpp:263:33: note: candidate is:
/home/andrea/workspace/libpmk-2.5/libpmk2/point_set/point-set-list.h:142:8: note: void libpmk::PointSetList::WriteToFile(const char*) const
/home/andrea/workspace/libpmk-2.5/libpmk2/point_set/point-set-list.h:142:8: note:   no known conversion for argument 1 from ‘std::string {aka std::basic_string<char>}’ to ‘const char*’
make: *** [src/AcquisizionePSL.o] Error 1

**** Build Finished ****

**** Build of configuration Debug for project AcquisizionePSL ****

make all 
Building file: ../src/AcquisizionePSL.cpp
Invoking: GCC C++ Compiler
g++ -I/home/andrea/workspace/libpmk-2.5/libpmk2 -O0 -g3 -Wall -c -fmessage-length=0 -MMD -MP -MF"src/AcquisizionePSL.d" -MT"src/AcquisizionePSL.d" -o "src/AcquisizionePSL.o" "../src/AcquisizionePSL.cpp"
../src/AcquisizionePSL.cpp: In function ‘int leggerePointSetList(libpmk::MutablePointSetList*, std::string)’:
../src/AcquisizionePSL.cpp:214:13: warning: variable ‘numPuntiLetti’ set but not used [-Wunused-but-set-variable]
../src/AcquisizionePSL.cpp: In function ‘void salvarePointSetList(libpmk::PointSetList*, std::string, std::string)’:
../src/AcquisizionePSL.cpp:263:33: error: no matching function for call to ‘libpmk::PointSetList::WriteToFile(std::string&)’
../src/AcquisizionePSL.cpp:263:33: note: candidate is:
/home/andrea/workspace/libpmk-2.5/libpmk2/point_set/point-set-list.h:142:8: note: void libpmk::PointSetList::WriteToFile(const char*) const
/home/andrea/workspace/libpmk-2.5/libpmk2/point_set/point-set-list.h:142:8: note:   no known conversion for argument 1 from ‘std::string {aka std::basic_string<char>}’ to ‘const char*’
make: *** [src/AcquisizionePSL.o] Error 1

**** Build Finished ****

**** Build of configuration Debug for project AcquisizionePSL ****

make all 
Building file: ../src/AcquisizionePSL.cpp
Invoking: GCC C++ Compiler
g++ -I/home/andrea/workspace/libpmk-2.5/libpmk2 -O0 -g3 -Wall -c -fmessage-length=0 -MMD -MP -MF"src/AcquisizionePSL.d" -MT"src/AcquisizionePSL.d" -o "src/AcquisizionePSL.o" "../src/AcquisizionePSL.cpp"
../src/AcquisizionePSL.cpp: In function ‘int leggerePointSetList(libpmk::MutablePointSetList*, std::string)’:
../src/AcquisizionePSL.cpp:214:13: warning: variable ‘numPuntiLetti’ set but not used [-Wunused-but-set-variable]
../src/AcquisizionePSL.cpp: In function ‘void salvarePointSetList(libpmk::PointSetList*, std::string, std::string)’:
../src/AcquisizionePSL.cpp:263:34: error: no matching function for call to ‘libpmk::PointSetList::WriteToFile(std::string*)’
../src/AcquisizionePSL.cpp:263:34: note: candidate is:
/home/andrea/workspace/libpmk-2.5/libpmk2/point_set/point-set-list.h:142:8: note: void libpmk::PointSetList::WriteToFile(const char*) const
/home/andrea/workspace/libpmk-2.5/libpmk2/point_set/point-set-list.h:142:8: note:   no known conversion for argument 1 from ‘std::string* {aka std::basic_string<char>*}’ to ‘const char*’
make: *** [src/AcquisizionePSL.o] Error 1

**** Build Finished ****

**** Build of configuration Debug for project AcquisizionePSL ****

make all 
Building file: ../src/AcquisizionePSL.cpp
Invoking: GCC C++ Compiler
g++ -I/home/andrea/workspace/libpmk-2.5/libpmk2 -O0 -g3 -Wall -c -fmessage-length=0 -MMD -MP -MF"src/AcquisizionePSL.d" -MT"src/AcquisizionePSL.d" -o "src/AcquisizionePSL.o" "../src/AcquisizionePSL.cpp"
../src/AcquisizionePSL.cpp: In function ‘int leggerePointSetList(libpmk::MutablePointSetList*, std::string)’:
../src/AcquisizionePSL.cpp:214:13: warning: variable ‘numPuntiLetti’ set but not used [-Wunused-but-set-variable]
Finished building: ../src/AcquisizionePSL.cpp
 
Building target: AcquisizionePSL
Invoking: GCC C++ Linker
g++ -L/home/andrea/workspace/libpmk-2.5/libpmk2 -o "AcquisizionePSL"  ./src/AcquisizionePSL.o   -lpmk -lpmk_util -lstdc++
Finished building target: AcquisizionePSL
 

**** Build Finished ****

**** Build of configuration Debug for project AcquisizionePSL ****

make all 
make: Nothing to be done for `all'.

**** Build Finished ****

**** Build of configuration Debug for project AcquisizionePSL ****

make all 
make: Nothing to be done for `all'.

**** Build Finished ****

**** Build of configuration Debug for project AcquisizionePSL ****

make all 
Building file: ../src/AcquisizionePSL.cpp
Invoking: GCC C++ Compiler
g++ -I/home/andrea/workspace/libpmk-2.5/libpmk2 -O0 -g3 -Wall -c -fmessage-length=0 -MMD -MP -MF"src/AcquisizionePSL.d" -MT"src/AcquisizionePSL.d" -o "src/AcquisizionePSL.o" "../src/AcquisizionePSL.cpp"
../src/AcquisizionePSL.cpp: In function ‘int leggerePointSetList(libpmk::MutablePointSetList*, std::string)’:
../src/AcquisizionePSL.cpp:215:13: warning: variable ‘numPuntiLetti’ set but not used [-Wunused-but-set-variable]
Finished building: ../src/AcquisizionePSL.cpp
 
Building target: AcquisizionePSL
Invoking: GCC C++ Linker
g++ -L/home/andrea/workspace/libpmk-2.5/libpmk2 -o "AcquisizionePSL"  ./src/AcquisizionePSL.o   -lpmk -lpmk_util -lstdc++
Finished building target: AcquisizionePSL
 

**** Build Finished ****

**** Build of configuration Debug for project AcquisizionePSL ****

make all 
Building file: ../src/AcquisizionePSL.cpp
Invoking: GCC C++ Compiler
g++ -I/home/andrea/workspace/libpmk-2.5/libpmk2 -O0 -g3 -Wall -c -fmessage-length=0 -MMD -MP -MF"src/AcquisizionePSL.d" -MT"src/AcquisizionePSL.d" -o "src/AcquisizionePSL.o" "../src/AcquisizionePSL.cpp"
../src/AcquisizionePSL.cpp: In function ‘int leggerePointSetList(libpmk::MutablePointSetList*, std::string)’:
../src/AcquisizionePSL.cpp:216:13: warning: variable ‘numPuntiLetti’ set but not used [-Wunused-but-set-variable]
Finished building: ../src/AcquisizionePSL.cpp
 
Building target: AcquisizionePSL
Invoking: GCC C++ Linker
g++ -L/home/andrea/workspace/libpmk-2.5/libpmk2 -o "AcquisizionePSL"  ./src/AcquisizionePSL.o   -lpmk -lpmk_util -lstdc++
Finished building target: AcquisizionePSL
 

**** Build Finished ****

**** Build of configuration Debug for project AcquisizionePSL ****

make all 
Building file: ../src/AcquisizionePSL.cpp
Invoking: GCC C++ Compiler
g++ -I/home/andrea/workspace/libpmk-2.5/libpmk2 -O0 -g3 -Wall -c -fmessage-length=0 -MMD -MP -MF"src/AcquisizionePSL.d" -MT"src/AcquisizionePSL.d" -o "src/AcquisizionePSL.o" "../src/AcquisizionePSL.cpp"
../src/AcquisizionePSL.cpp: In function ‘int leggerePointSetList(libpmk::MutablePointSetList*, std::string)’:
../src/AcquisizionePSL.cpp:216:13: warning: variable ‘numPuntiLetti’ set but not used [-Wunused-but-set-variable]
Finished building: ../src/AcquisizionePSL.cpp
 
Building target: AcquisizionePSL
Invoking: GCC C++ Linker
g++ -L/home/andrea/workspace/libpmk-2.5/libpmk2 -o "AcquisizionePSL"  ./src/AcquisizionePSL.o   -lpmk -lpmk_util -lstdc++
Finished building target: AcquisizionePSL
 

**** Build Finished ****

**** Build of configuration Debug for project AcquisizionePSL ****

make all 
Building file: ../src/AcquisizionePSL.cpp
Invoking: GCC C++ Compiler
g++ -I/home/andrea/workspace/libpmk-2.5/libpmk2 -O0 -g3 -Wall -c -fmessage-length=0 -MMD -MP -MF"src/AcquisizionePSL.d" -MT"src/AcquisizionePSL.d" -o "src/AcquisizionePSL.o" "../src/AcquisizionePSL.cpp"
../src/AcquisizionePSL.cpp: In function ‘int leggerePointSetList(libpmk::MutablePointSetList*, std::string)’:
../src/AcquisizionePSL.cpp:219:13: warning: variable ‘numPuntiLetti’ set but not used [-Wunused-but-set-variable]
Finished building: ../src/AcquisizionePSL.cpp
 
Building target: AcquisizionePSL
Invoking: GCC C++ Linker
g++ -L/home/andrea/workspace/libpmk-2.5/libpmk2 -o "AcquisizionePSL"  ./src/AcquisizionePSL.o   -lpmk -lpmk_util -lstdc++
Finished building target: AcquisizionePSL
 

**** Build Finished ****
